#
# A fatal error has been detected by the Java Runtime Environment:
#
#  EXCEPTION_ACCESS_VIOLATION (0xc0000005) at pc=0x000000005ff6af57, pid=11192, tid=0x00000000000041c0
#
# JRE version: Java(TM) SE Runtime Environment (8.0_131-b11) (build 1.8.0_131-b11)
# Java VM: Java HotSpot(TM) 64-Bit Server VM (25.131-b11 mixed mode windows-amd64 compressed oops)
# Problematic frame:
# V  [jvm.dll+0x22af57]
#
# Failed to write core dump. Minidumps are not enabled by default on client versions of Windows
#
# If you would like to submit a bug report, please visit:
#   http://bugreport.java.com/bugreport/crash.jsp
#

---------------  T H R E A D  ---------------

Current thread (0x0000000016169000):  VMThread [stack: 0x0000000017e60000,0x0000000017f60000] [id=16832]

siginfo: ExceptionCode=0xc0000005, reading address 0x00000000198a0b30

Registers:
RAX=0x0000000019e71000, RBX=0x0000000000000000, RCX=0x0000000000000000, RDX=0x000000000000000a
RSP=0x0000000017f5f810, RBP=0x000000000000000f, RSI=0x00000000198a0b20, RDI=0x0000000019e9d000
R8 =0x0000000003650000, R9 =0x0000000000000006, R10=0x0000000000000000, R11=0x0000000000000001
R12=0x0000000000000000, R13=0x0000000000000000, R14=0x0000000000000000, R15=0x000000000000001a
RIP=0x000000005ff6af57, EFLAGS=0x0000000000010206

Top of Stack: (sp=0x0000000017f5f810)
0x0000000017f5f810:   0000000000000002 000000000364d1a0
0x0000000017f5f820:   0000000000000000 00000000000003e8
0x0000000017f5f830:   0000000000000000 000000000364d1a0
0x0000000017f5f840:   0000000000000008 0000fe5a48119bbe
0x0000000017f5f850:   0000000000000000 00000000605047b0
0x0000000017f5f860:   0000000000000000 0000000016169000
0x0000000017f5f870:   000000000364d2a0 000000005ff8b83f
0x0000000017f5f880:   000000000364d2a0 0000000017f5fab0
0x0000000017f5f890:   0000000000000000 0000000000000000
0x0000000017f5f8a0:   0000000016169000 00000000161681c0
0x0000000017f5f8b0:   00000000161696a0 00000000161696b0
0x0000000017f5f8c0:   0000000016169788 00000000000000d8
0x0000000017f5f8d0:   0000000016168600 0000000000000138
0x0000000017f5f8e0:   0000000017f5f8e8 6e69747563657845
0x0000000017f5f8f0:   65706f204d562067 203a6e6f69746172
0x0000000017f5f900:   6f7665526b6c7542 642073616942656b 

Instructions: (pc=0x000000005ff6af57)
0x000000005ff6af37:   85 ff 0f 8e 1f 01 00 00 48 8b 5c 24 20 48 8b 3d
0x000000005ff6af47:   d5 42 5e 00 48 85 ff 74 32 48 8b b7 78 02 00 00
0x000000005ff6af57:   8b 46 10 85 c0 75 13 48 8b ce e8 3a fa ff ff 44
0x000000005ff6af67:   8b 5e 10 45 85 db 74 02 ff cd 48 8b bf c8 01 00 


Register to memory mapping:

RAX=0x0000000019e71000 is a thread
RBX=0x0000000000000000 is an unknown value
RCX=0x0000000000000000 is an unknown value
RDX=0x000000000000000a is an unknown value
RSP=0x0000000017f5f810 is an unknown value
RBP=0x000000000000000f is an unknown value
RSI=0x00000000198a0b20 is an unknown value
RDI=0x0000000019e9d000 is a thread
R8 =0x0000000003650000 is an unknown value
R9 =0x0000000000000006 is an unknown value
R10=0x0000000000000000 is an unknown value
R11=0x0000000000000001 is an unknown value
R12=0x0000000000000000 is an unknown value
R13=0x0000000000000000 is an unknown value
R14=0x0000000000000000 is an unknown value
R15=0x000000000000001a is an unknown value


Stack: [0x0000000017e60000,0x0000000017f60000],  sp=0x0000000017f5f810,  free space=1022k
Native frames: (J=compiled Java code, j=interpreted, Vv=VM code, C=native code)
V  [jvm.dll+0x22af57]
V  [jvm.dll+0x24b83f]
V  [jvm.dll+0x24bbfe]
V  [jvm.dll+0x29cc1a]
C  [msvcr100.dll+0x21d9f]
C  [msvcr100.dll+0x21e3b]
C  [KERNEL32.DLL+0x8364]
C  [ntdll.dll+0x670d1]


---------------  P R O C E S S  ---------------

Java Threads: ( => current thread )
  0x000000001f64e000 JavaThread "Forward streams with process: command 'C:\Java\jdk1.8.0_131\bin\java.exe' Thread 3" [_thread_in_native, id=13412, stack(0x0000000024880000,0x0000000024980000)]
  0x000000001f64a000 JavaThread "Forward streams with process: command 'C:\Java\jdk1.8.0_131\bin\java.exe' Thread 2" [_thread_in_native, id=15252, stack(0x0000000024780000,0x0000000024880000)]
  0x000000001f64c800 JavaThread "Run command 'C:\Java\jdk1.8.0_131\bin\java.exe'" [_thread_in_native, id=2724, stack(0x0000000024480000,0x0000000024580000)]
  0x000000001f640000 JavaThread "Cache worker for file content cache (E:\GrailsWorks\EasyPipe\EasyPipe2017B\.gradle\3.4.1\fileContent)" [_thread_blocked, id=3104, stack(0x00000000233b0000,0x00000000234b0000)]
  0x000000001f646000 JavaThread "Cache worker for task history cache (E:\GrailsWorks\EasyPipe\EasyPipe2017B\.gradle\3.4.1\taskHistory)" [_thread_blocked, id=13600, stack(0x00000000232b0000,0x00000000233b0000)]
  0x000000001f642800 JavaThread "Memory manager" [_thread_blocked, id=17068, stack(0x00000000206b0000,0x00000000207b0000)]
  0x00000000180f8800 JavaThread "File lock request listener" [_thread_in_native, id=11828, stack(0x000000001c630000,0x000000001c730000)]
  0x000000001a69c000 JavaThread "Cache worker for file hash cache (C:\Users\LiXiaoping\.gradle\caches\3.4.1\fileHashes)" [_thread_blocked, id=5320, stack(0x000000001c530000,0x000000001c630000)]
  0x000000001a2eb800 JavaThread "Asynchronous log dispatcher for DefaultDaemonConnection: socket connection from /127.0.0.1:49268 to /127.0.0.1:49270" [_thread_blocked, id=11176, stack(0x000000001c100000,0x000000001c200000)]
  0x0000000019dde800 JavaThread "Daemon worker" [_thread_blocked, id=15428, stack(0x000000001c000000,0x000000001c100000)]
  0x0000000019e71000 JavaThread "Cancel handler" [_thread_blocked, id=17340, stack(0x000000001bf00000,0x000000001c000000)]
  0x0000000019e9d000 JavaThread "Handler for socket connection from /127.0.0.1:49268 to /127.0.0.1:49270" [_thread_in_native, id=13736, stack(0x000000001ba80000,0x000000001bc00000)]
  0x0000000019e9c000 JavaThread "Daemon" [_thread_blocked, id=10508, stack(0x000000001bb00000,0x000000001bc00000)]
  0x0000000019f0b800 JavaThread "Daemon periodic checks" [_thread_blocked, id=13208, stack(0x000000001ba00000,0x000000001bb00000)]
  0x0000000019eb5800 JavaThread "Incoming local TCP Connector on port 49268" [_thread_in_native, id=10748, stack(0x000000001b860000,0x000000001b960000)]
  0x000000001a16a800 JavaThread "Daemon health stats" [_thread_blocked, id=12864, stack(0x000000001b560000,0x000000001b660000)]
  0x0000000018114000 JavaThread "Service Thread" daemon [_thread_blocked, id=2096, stack(0x0000000018bc0000,0x0000000018cc0000)]
  0x00000000180fa000 JavaThread "C1 CompilerThread3" daemon [_thread_blocked, id=8792, stack(0x0000000018ac0000,0x0000000018bc0000)]
  0x00000000180f6000 JavaThread "C2 CompilerThread2" daemon [_thread_blocked, id=16672, stack(0x00000000189c0000,0x0000000018ac0000)]
  0x00000000180f3000 JavaThread "C2 CompilerThread1" daemon [_thread_blocked, id=16564, stack(0x00000000188c0000,0x00000000189c0000)]
  0x00000000180ee000 JavaThread "C2 CompilerThread0" daemon [_thread_blocked, id=8628, stack(0x00000000187c0000,0x00000000188c0000)]
  0x00000000180ec000 JavaThread "Attach Listener" daemon [_thread_blocked, id=10660, stack(0x00000000186c0000,0x00000000187c0000)]
  0x0000000018099000 JavaThread "Signal Dispatcher" daemon [_thread_blocked, id=11048, stack(0x00000000185c0000,0x00000000186c0000)]
  0x0000000016173000 JavaThread "Finalizer" daemon [_thread_blocked, id=17168, stack(0x0000000018460000,0x0000000018560000)]
  0x00000000035f6000 JavaThread "Reference Handler" daemon [_thread_blocked, id=8584, stack(0x0000000017f60000,0x0000000018060000)]
  0x000000000364e000 JavaThread "main" [_thread_blocked, id=5808, stack(0x0000000003070000,0x0000000003170000)]

Other Threads:
=>0x0000000016169000 VMThread [stack: 0x0000000017e60000,0x0000000017f60000] [id=16832]
  0x0000000018119000 WatcherThread [stack: 0x0000000018cc0000,0x0000000018dc0000] [id=13620]

VM state:synchronizing (normal execution)

VM Mutex/Monitor currently owned by a thread:  ([mutex/lock_event])
[0x000000000364d1a0] Safepoint_lock - owner thread: 0x0000000016169000
[0x000000000364d220] Threads_lock - owner thread: 0x0000000016169000

Heap:
 PSYoungGen      total 190976K, used 114170K [0x00000000eab00000, 0x00000000fbf80000, 0x0000000100000000)
  eden space 182272K, 57% used [0x00000000eab00000,0x00000000f120b308,0x00000000f5d00000)
  from space 8704K, 99% used [0x00000000fb700000,0x00000000fbf73548,0x00000000fbf80000)
  to   space 25088K, 0% used [0x00000000f8e80000,0x00000000f8e80000,0x00000000fa700000)
 ParOldGen       total 303616K, used 29126K [0x00000000c0000000, 0x00000000d2880000, 0x00000000eab00000)
  object space 303616K, 9% used [0x00000000c0000000,0x00000000c1c71bb8,0x00000000d2880000)
 Metaspace       used 41875K, capacity 42962K, committed 43096K, reserved 1085440K
  class space    used 5866K, capacity 6167K, committed 6272K, reserved 1048576K

Card table byte_map: [0x0000000012a10000,0x0000000012c20000] byte_map_base: 0x0000000012410000

Marking Bits: (ParMarkBitMap*) 0x000000006055c720
 Begin Bits: [0x0000000013580000, 0x0000000014580000)
 End Bits:   [0x0000000014580000, 0x0000000015580000)

Polling page: 0x0000000001930000

CodeCache: size=245760Kb used=20693Kb max_used=21797Kb free=225066Kb
 bounds [0x0000000003650000, 0x0000000004bb0000, 0x0000000012650000]
 total_blobs=6661 nmethods=5974 adapters=598
 compilation: enabled

Compilation events (10 events):
Event: 7041.606 Thread 0x00000000180fa000 7094       1       com.google.common.base.Functions$ConstantFunction::apply (5 bytes)
Event: 7041.606 Thread 0x00000000180fa000 nmethod 7094 0x0000000004389e90 code [0x0000000004389fe0, 0x000000000438a0f0]
Event: 7053.935 Thread 0x00000000180f3000 7095   !   4       org.gradle.internal.event.AbstractBroadcastDispatch::dispatch (127 bytes)
Event: 7053.941 Thread 0x00000000180f3000 nmethod 7095 0x0000000003ed5310 code [0x0000000003ed54a0, 0x0000000003ed5918]
Event: 7171.607 Thread 0x00000000180ee000 7096       4       java.io.ObjectInputStream$PeekInputStream::readFully (48 bytes)
Event: 7171.608 Thread 0x00000000180ee000 nmethod 7096 0x000000000476c950 code [0x000000000476caa0, 0x000000000476cb88]
Event: 12738.150 Thread 0x00000000180f6000 7097       4       org.gradle.internal.dispatch.ProxyDispatchAdapter$DispatchingInvocationHandler::invoke (185 bytes)
Event: 12738.169 Thread 0x00000000180ee000 7098       4       org.gradle.internal.event.DefaultListenerManager$EventBroadcast$ListenerDispatch::dispatch (9 bytes)
Event: 12738.229 Thread 0x00000000180ee000 nmethod 7098 0x000000000395ec90 code [0x000000000395ef60, 0x0000000003961740]
Event: 12738.253 Thread 0x00000000180f6000 nmethod 7097 0x0000000004875450 code [0x0000000004875800, 0x0000000004878900]

GC Heap History (10 events):
Event: 671.607 GC heap before
{Heap before GC invocations=8 (full 2):
 PSYoungGen      total 222208K, used 221016K [0x00000000eab00000, 0x00000000feb80000, 0x0000000100000000)
  eden space 200704K, 100% used [0x00000000eab00000,0x00000000f6f00000,0x00000000f6f00000)
  from space 21504K, 94% used [0x00000000f6f00000,0x00000000f82d60f0,0x00000000f8400000)
  to   space 21504K, 0% used [0x00000000fd680000,0x00000000fd680000,0x00000000feb80000)
 ParOldGen       total 303616K, used 20006K [0x00000000c0000000, 0x00000000d2880000, 0x00000000eab00000)
  object space 303616K, 6% used [0x00000000c0000000,0x00000000c1389b08,0x00000000d2880000)
 Metaspace       used 41737K, capacity 42898K, committed 43096K, reserved 1085440K
  class space    used 5866K, capacity 6167K, committed 6272K, reserved 1048576K
Event: 671.624 GC heap after
Heap after GC invocations=8 (full 2):
 PSYoungGen      total 217088K, used 20131K [0x00000000eab00000, 0x00000000fea80000, 0x0000000100000000)
  eden space 196608K, 0% used [0x00000000eab00000,0x00000000eab00000,0x00000000f6b00000)
  from space 20480K, 98% used [0x00000000fd680000,0x00000000fea28cc8,0x00000000fea80000)
  to   space 24064K, 0% used [0x00000000fbb80000,0x00000000fbb80000,0x00000000fd300000)
 ParOldGen       total 303616K, used 20014K [0x00000000c0000000, 0x00000000d2880000, 0x00000000eab00000)
  object space 303616K, 6% used [0x00000000c0000000,0x00000000c138bb08,0x00000000d2880000)
 Metaspace       used 41737K, capacity 42898K, committed 43096K, reserved 1085440K
  class space    used 5866K, capacity 6167K, committed 6272K, reserved 1048576K
}
Event: 2151.606 GC heap before
{Heap before GC invocations=9 (full 2):
 PSYoungGen      total 217088K, used 216739K [0x00000000eab00000, 0x00000000fea80000, 0x0000000100000000)
  eden space 196608K, 100% used [0x00000000eab00000,0x00000000f6b00000,0x00000000f6b00000)
  from space 20480K, 98% used [0x00000000fd680000,0x00000000fea28cc8,0x00000000fea80000)
  to   space 24064K, 0% used [0x00000000fbb80000,0x00000000fbb80000,0x00000000fd300000)
 ParOldGen       total 303616K, used 20014K [0x00000000c0000000, 0x00000000d2880000, 0x00000000eab00000)
  object space 303616K, 6% used [0x00000000c0000000,0x00000000c138bb08,0x00000000d2880000)
 Metaspace       used 41856K, capacity 42962K, committed 43096K, reserved 1085440K
  class space    used 5866K, capacity 6167K, committed 6272K, reserved 1048576K
Event: 2151.615 GC heap after
Heap after GC invocations=9 (full 2):
 PSYoungGen      total 212992K, used 19645K [0x00000000eab00000, 0x00000000fd700000, 0x0000000100000000)
  eden space 193024K, 0% used [0x00000000eab00000,0x00000000eab00000,0x00000000f6780000)
  from space 19968K, 98% used [0x00000000fbb80000,0x00000000fceaf558,0x00000000fcf00000)
  to   space 8192K, 0% used [0x00000000fcf00000,0x00000000fcf00000,0x00000000fd700000)
 ParOldGen       total 303616K, used 20022K [0x00000000c0000000, 0x00000000d2880000, 0x00000000eab00000)
  object space 303616K, 6% used [0x00000000c0000000,0x00000000c138db08,0x00000000d2880000)
 Metaspace       used 41856K, capacity 42962K, committed 43096K, reserved 1085440K
  class space    used 5866K, capacity 6167K, committed 6272K, reserved 1048576K
}
Event: 3611.610 GC heap before
{Heap before GC invocations=10 (full 2):
 PSYoungGen      total 212992K, used 212669K [0x00000000eab00000, 0x00000000fd700000, 0x0000000100000000)
  eden space 193024K, 100% used [0x00000000eab00000,0x00000000f6780000,0x00000000f6780000)
  from space 19968K, 98% used [0x00000000fbb80000,0x00000000fceaf558,0x00000000fcf00000)
  to   space 8192K, 0% used [0x00000000fcf00000,0x00000000fcf00000,0x00000000fd700000)
 ParOldGen       total 303616K, used 20022K [0x00000000c0000000, 0x00000000d2880000, 0x00000000eab00000)
  object space 303616K, 6% used [0x00000000c0000000,0x00000000c138db08,0x00000000d2880000)
 Metaspace       used 41861K, capacity 42962K, committed 43096K, reserved 1085440K
  class space    used 5866K, capacity 6167K, committed 6272K, reserved 1048576K
Event: 3611.631 GC heap after
Heap after GC invocations=10 (full 2):
 PSYoungGen      total 197632K, used 8189K [0x00000000eab00000, 0x00000000fd700000, 0x0000000100000000)
  eden space 189440K, 0% used [0x00000000eab00000,0x00000000eab00000,0x00000000f6400000)
  from space 8192K, 99% used [0x00000000fcf00000,0x00000000fd6ff558,0x00000000fd700000)
  to   space 24576K, 0% used [0x00000000fa700000,0x00000000fa700000,0x00000000fbf00000)
 ParOldGen       total 303616K, used 29126K [0x00000000c0000000, 0x00000000d2880000, 0x00000000eab00000)
  object space 303616K, 9% used [0x00000000c0000000,0x00000000c1c71bb8,0x00000000d2880000)
 Metaspace       used 41861K, capacity 42962K, committed 43096K, reserved 1085440K
  class space    used 5866K, capacity 6167K, committed 6272K, reserved 1048576K
}
Event: 5050.677 GC heap before
{Heap before GC invocations=11 (full 2):
 PSYoungGen      total 197632K, used 197629K [0x00000000eab00000, 0x00000000fd700000, 0x0000000100000000)
  eden space 189440K, 100% used [0x00000000eab00000,0x00000000f6400000,0x00000000f6400000)
  from space 8192K, 99% used [0x00000000fcf00000,0x00000000fd6ff558,0x00000000fd700000)
  to   space 24576K, 0% used [0x00000000fa700000,0x00000000fa700000,0x00000000fbf00000)
 ParOldGen       total 303616K, used 29126K [0x00000000c0000000, 0x00000000d2880000, 0x00000000eab00000)
  object space 303616K, 9% used [0x00000000c0000000,0x00000000c1c71bb8,0x00000000d2880000)
 Metaspace       used 41868K, capacity 42962K, committed 43096K, reserved 1085440K
  class space    used 5866K, capacity 6167K, committed 6272K, reserved 1048576K
Event: 5050.682 GC heap after
Heap after GC invocations=11 (full 2):
 PSYoungGen      total 194560K, used 8397K [0x00000000eab00000, 0x00000000fcf80000, 0x0000000100000000)
  eden space 185856K, 0% used [0x00000000eab00000,0x00000000eab00000,0x00000000f6080000)
  from space 8704K, 96% used [0x00000000fa700000,0x00000000faf33548,0x00000000faf80000)
  to   space 25088K, 0% used [0x00000000fb700000,0x00000000fb700000,0x00000000fcf80000)
 ParOldGen       total 303616K, used 29126K [0x00000000c0000000, 0x00000000d2880000, 0x00000000eab00000)
  object space 303616K, 9% used [0x00000000c0000000,0x00000000c1c71bb8,0x00000000d2880000)
 Metaspace       used 41868K, capacity 42962K, committed 43096K, reserved 1085440K
  class space    used 5866K, capacity 6167K, committed 6272K, reserved 1048576K
}
Event: 6461.606 GC heap before
{Heap before GC invocations=12 (full 2):
 PSYoungGen      total 194560K, used 194253K [0x00000000eab00000, 0x00000000fcf80000, 0x0000000100000000)
  eden space 185856K, 100% used [0x00000000eab00000,0x00000000f6080000,0x00000000f6080000)
  from space 8704K, 96% used [0x00000000fa700000,0x00000000faf33548,0x00000000faf80000)
  to   space 25088K, 0% used [0x00000000fb700000,0x00000000fb700000,0x00000000fcf80000)
 ParOldGen       total 303616K, used 29126K [0x00000000c0000000, 0x00000000d2880000, 0x00000000eab00000)
  object space 303616K, 9% used [0x00000000c0000000,0x00000000c1c71bb8,0x00000000d2880000)
 Metaspace       used 41875K, capacity 42962K, committed 43096K, reserved 1085440K
  class space    used 5866K, capacity 6167K, committed 6272K, reserved 1048576K
Event: 6461.612 GC heap after
Heap after GC invocations=12 (full 2):
 PSYoungGen      total 190976K, used 8653K [0x00000000eab00000, 0x00000000fbf80000, 0x0000000100000000)
  eden space 182272K, 0% used [0x00000000eab00000,0x00000000eab00000,0x00000000f5d00000)
  from space 8704K, 99% used [0x00000000fb700000,0x00000000fbf73548,0x00000000fbf80000)
  to   space 25088K, 0% used [0x00000000f8e80000,0x00000000f8e80000,0x00000000fa700000)
 ParOldGen       total 303616K, used 29126K [0x00000000c0000000, 0x00000000d2880000, 0x00000000eab00000)
  object space 303616K, 9% used [0x00000000c0000000,0x00000000c1c71bb8,0x00000000d2880000)
 Metaspace       used 41875K, capacity 42962K, committed 43096K, reserved 1085440K
  class space    used 5866K, capacity 6167K, committed 6272K, reserved 1048576K
}

Deoptimization events (10 events):
Event: 21.609 Thread 0x0000000019f0b800 Uncommon trap: reason=speculate_class_check action=maybe_recompile pc=0x0000000004a7f614 method=java.util.AbstractList.listIterator()Ljava/util/ListIterator; @ 2
Event: 30.293 Thread 0x000000001f64e000 Uncommon trap: reason=unstable_if action=reinterpret pc=0x00000000039c821c method=org.gradle.internal.logging.text.AbstractLineChoppingStyledTextOutput.doAppend(Ljava/lang/String;)V @ 98
Event: 30.293 Thread 0x000000001f64e000 Uncommon trap: reason=unstable_if action=reinterpret pc=0x00000000039c520c method=sun.nio.cs.UTF_8$Encoder.encodeArrayLoop(Ljava/nio/CharBuffer;Ljava/nio/ByteBuffer;)Ljava/nio/charset/CoderResult; @ 87
Event: 30.294 Thread 0x000000001a2eb800 Uncommon trap: reason=unstable_if action=reinterpret pc=0x0000000004b6fa88 method=com.esotericsoftware.kryo.io.Output.writeString(Ljava/lang/CharSequence;)V @ 83
Event: 30.797 Thread 0x000000001a2eb800 Uncommon trap: reason=unstable_if action=reinterpret pc=0x0000000004248bb8 method=com.esotericsoftware.kryo.io.Output.writeString(Ljava/lang/CharSequence;)V @ 83
Event: 31.628 Thread 0x0000000019f0b800 Uncommon trap: reason=speculate_class_check action=maybe_recompile pc=0x0000000004a7f614 method=java.util.AbstractList.listIterator()Ljava/util/ListIterator; @ 2
Event: 41.609 Thread 0x0000000019f0b800 Uncommon trap: reason=unstable_if action=reinterpret pc=0x0000000004ba56c4 method=java.io.ExpiringCache.entryFor(Ljava/lang/String;)Ljava/io/ExpiringCache$Entry; @ 39
Event: 41.609 Thread 0x0000000019f0b800 Uncommon trap: reason=unstable_if action=reinterpret pc=0x0000000004b87344 method=java.io.ExpiringCache.entryFor(Ljava/lang/String;)Ljava/io/ExpiringCache$Entry; @ 39
Event: 41.613 Thread 0x0000000019f0b800 Uncommon trap: reason=speculate_class_check action=maybe_recompile pc=0x0000000004a7f614 method=java.util.AbstractList.listIterator()Ljava/util/ListIterator; @ 2
Event: 2007.324 Thread 0x000000001a2eb800 Uncommon trap: reason=unstable_if action=reinterpret pc=0x0000000003e518d8 method=org.gradle.launcher.daemon.server.exec.LogToClient$AsynchronousLogDispatcher.run()V @ 27

Internal exceptions (10 events):
Event: 6.855 Thread 0x0000000019dde800 Exception <a 'java/lang/ClassNotFoundException': org/apache/tools/ant/filters/ReplaceTokensBeanInfo> (0x00000000ee964838) thrown at [C:\re\workspace\8-2-build-windows-amd64-cygwin\jdk8u131\8869\hotspot\src\share\vm\classfile\systemDictionary.cpp, line 210
Event: 6.856 Thread 0x0000000019dde800 Exception <a 'java/lang/ClassNotFoundException': org/apache/tools/ant/filters/BaseParamFilterReaderBeanInfo> (0x00000000ee970ac0) thrown at [C:\re\workspace\8-2-build-windows-amd64-cygwin\jdk8u131\8869\hotspot\src\share\vm\classfile\systemDictionary.cpp, 
Event: 6.856 Thread 0x0000000019dde800 Exception <a 'java/lang/ClassNotFoundException': org/apache/tools/ant/filters/BaseFilterReaderBeanInfo> (0x00000000ee97ca58) thrown at [C:\re\workspace\8-2-build-windows-amd64-cygwin\jdk8u131\8869\hotspot\src\share\vm\classfile\systemDictionary.cpp, line 
Event: 6.856 Thread 0x0000000019dde800 Exception <a 'java/lang/ClassNotFoundException': java/io/FilterReaderBeanInfo> (0x00000000ee984150) thrown at [C:\re\workspace\8-2-build-windows-amd64-cygwin\jdk8u131\8869\hotspot\src\share\vm\classfile\systemDictionary.cpp, line 210]
Event: 6.856 Thread 0x0000000019dde800 Exception <a 'java/lang/ClassNotFoundException': java/io/ReaderBeanInfo> (0x00000000ee98ade8) thrown at [C:\re\workspace\8-2-build-windows-amd64-cygwin\jdk8u131\8869\hotspot\src\share\vm\classfile\systemDictionary.cpp, line 210]
Event: 6.856 Thread 0x0000000019dde800 Exception <a 'java/lang/ClassNotFoundException': java/io/ReaderCustomizer> (0x00000000ee991e58) thrown at [C:\re\workspace\8-2-build-windows-amd64-cygwin\jdk8u131\8869\hotspot\src\share\vm\classfile\systemDictionary.cpp, line 210]
Event: 6.856 Thread 0x0000000019dde800 Exception <a 'java/lang/ClassNotFoundException': java/io/FilterReaderCustomizer> (0x00000000ee99e4c8) thrown at [C:\re\workspace\8-2-build-windows-amd64-cygwin\jdk8u131\8869\hotspot\src\share\vm\classfile\systemDictionary.cpp, line 210]
Event: 6.856 Thread 0x0000000019dde800 Exception <a 'java/lang/ClassNotFoundException': org/apache/tools/ant/filters/BaseFilterReaderCustomizer> (0x00000000ee9b0d30) thrown at [C:\re\workspace\8-2-build-windows-amd64-cygwin\jdk8u131\8869\hotspot\src\share\vm\classfile\systemDictionary.cpp, lin
Event: 6.856 Thread 0x0000000019dde800 Exception <a 'java/lang/ClassNotFoundException': org/apache/tools/ant/filters/BaseParamFilterReaderCustomizer> (0x00000000ee9c1990) thrown at [C:\re\workspace\8-2-build-windows-amd64-cygwin\jdk8u131\8869\hotspot\src\share\vm\classfile\systemDictionary.cpp
Event: 6.857 Thread 0x0000000019dde800 Exception <a 'java/lang/ClassNotFoundException': org/apache/tools/ant/filters/ReplaceTokensCustomizer> (0x00000000ee9d0150) thrown at [C:\re\workspace\8-2-build-windows-amd64-cygwin\jdk8u131\8869\hotspot\src\share\vm\classfile\systemDictionary.cpp, line 2

Events (10 events):
Event: 6461.614 Executing VM operation: RevokeBias done
Event: 6461.614 Executing VM operation: RevokeBias
Event: 6461.614 Executing VM operation: RevokeBias done
Event: 6461.614 Executing VM operation: RevokeBias
Event: 6461.614 Executing VM operation: RevokeBias done
Event: 6461.614 Executing VM operation: RevokeBias
Event: 6461.614 Executing VM operation: RevokeBias done
Event: 6461.614 Executing VM operation: BulkRevokeBias
Event: 6461.614 Executing VM operation: BulkRevokeBias done
Event: 12738.230 Thread 0x00000000180ee000 flushing nmethod 0x0000000003c1ebd0


Dynamic libraries:
0x00007ff7aef60000 - 0x00007ff7aef97000 	C:\Java\jdk1.8.0_131\bin\java.exe
0x00007ff8f9770000 - 0x00007ff8f9941000 	C:\WINDOWS\SYSTEM32\ntdll.dll
0x00007ff8f6dc0000 - 0x00007ff8f6e6c000 	C:\WINDOWS\System32\KERNEL32.DLL
0x00007ff8f5d80000 - 0x00007ff8f5f9d000 	C:\WINDOWS\System32\KERNELBASE.dll
0x00007ff8f6d00000 - 0x00007ff8f6da2000 	C:\WINDOWS\System32\ADVAPI32.dll
0x00007ff8f77b0000 - 0x00007ff8f784e000 	C:\WINDOWS\System32\msvcrt.dll
0x00007ff8f9710000 - 0x00007ff8f9769000 	C:\WINDOWS\System32\sechost.dll
0x00007ff8f95e0000 - 0x00007ff8f9701000 	C:\WINDOWS\System32\RPCRT4.dll
0x00007ff8f78b0000 - 0x00007ff8f7a15000 	C:\WINDOWS\System32\USER32.dll
0x00007ff8f64b0000 - 0x00007ff8f64ce000 	C:\WINDOWS\System32\win32u.dll
0x00007ff8f6fe0000 - 0x00007ff8f7014000 	C:\WINDOWS\System32\GDI32.dll
0x00007ff8f5ff0000 - 0x00007ff8f6170000 	C:\WINDOWS\System32\gdi32full.dll
0x00007ff8e72a0000 - 0x00007ff8e751a000 	C:\WINDOWS\WinSxS\amd64_microsoft.windows.common-controls_6595b64144ccf1df_6.0.14393.953_none_42151e83c686086b\COMCTL32.dll
0x00007ff8f7e00000 - 0x00007ff8f80c8000 	C:\WINDOWS\System32\combase.dll
0x00007ff8f63b0000 - 0x00007ff8f64a5000 	C:\WINDOWS\System32\ucrtbase.dll
0x00007ff8f6340000 - 0x00007ff8f63aa000 	C:\WINDOWS\System32\bcryptPrimitives.dll
0x00007ff8f7dd0000 - 0x00007ff8f7dfe000 	C:\WINDOWS\System32\IMM32.DLL
0x000000005fc60000 - 0x000000005fd32000 	C:\Java\jdk1.8.0_131\jre\bin\msvcr100.dll
0x000000005fd40000 - 0x00000000605dc000 	C:\Java\jdk1.8.0_131\jre\bin\server\jvm.dll
0x00007ff8f7630000 - 0x00007ff8f7638000 	C:\WINDOWS\System32\PSAPI.DLL
0x00007ff8ee850000 - 0x00007ff8ee859000 	C:\WINDOWS\SYSTEM32\WSOCK32.dll
0x00007ff8f3be0000 - 0x00007ff8f3c03000 	C:\WINDOWS\SYSTEM32\WINMM.dll
0x00007ff8f0e70000 - 0x00007ff8f0e7a000 	C:\WINDOWS\SYSTEM32\VERSION.dll
0x00007ff8f76a0000 - 0x00007ff8f770a000 	C:\WINDOWS\System32\WS2_32.dll
0x00007ff8f3b80000 - 0x00007ff8f3bab000 	C:\WINDOWS\SYSTEM32\WINMMBASE.dll
0x00007ff8f5fa0000 - 0x00007ff8f5fe2000 	C:\WINDOWS\System32\cfgmgr32.dll
0x0000000060dd0000 - 0x0000000060ddf000 	C:\Java\jdk1.8.0_131\jre\bin\verify.dll
0x000000005fc30000 - 0x000000005fc59000 	C:\Java\jdk1.8.0_131\jre\bin\java.dll
0x000000005fc10000 - 0x000000005fc26000 	C:\Java\jdk1.8.0_131\jre\bin\zip.dll
0x00007ff8f80d0000 - 0x00007ff8f95d8000 	C:\WINDOWS\System32\SHELL32.dll
0x00007ff8f6620000 - 0x00007ff8f6cfa000 	C:\WINDOWS\System32\windows.storage.dll
0x00007ff8f5c10000 - 0x00007ff8f5c5c000 	C:\WINDOWS\System32\powrprof.dll
0x00007ff8f7bc0000 - 0x00007ff8f7c12000 	C:\WINDOWS\System32\shlwapi.dll
0x00007ff8f5c60000 - 0x00007ff8f5c6f000 	C:\WINDOWS\System32\kernel.appcore.dll
0x00007ff8f5cd0000 - 0x00007ff8f5d79000 	C:\WINDOWS\System32\shcore.dll
0x00007ff8f5be0000 - 0x00007ff8f5bf4000 	C:\WINDOWS\System32\profapi.dll
0x000000005fbf0000 - 0x000000005fc0a000 	C:\Java\jdk1.8.0_131\jre\bin\net.dll
0x00007ff8f5510000 - 0x00007ff8f556c000 	C:\WINDOWS\system32\mswsock.dll
0x000000005fbd0000 - 0x000000005fbe1000 	C:\Java\jdk1.8.0_131\jre\bin\nio.dll
0x00007ff8eefc0000 - 0x00007ff8eefde000 	C:\Users\LiXiaoping\.gradle\native\24\windows-amd64\native-platform.dll
0x00007ff8f56c0000 - 0x00007ff8f56d7000 	C:\WINDOWS\SYSTEM32\CRYPTSP.dll
0x00007ff8f50b0000 - 0x00007ff8f50e3000 	C:\WINDOWS\system32\rsaenh.dll
0x00007ff8f5b20000 - 0x00007ff8f5b4b000 	C:\WINDOWS\SYSTEM32\bcrypt.dll
0x00007ff8f5330000 - 0x00007ff8f534f000 	C:\WINDOWS\SYSTEM32\USERENV.dll
0x00007ff8f56b0000 - 0x00007ff8f56bb000 	C:\WINDOWS\SYSTEM32\CRYPTBASE.dll
0x00007ff8f5230000 - 0x00007ff8f5268000 	C:\WINDOWS\SYSTEM32\IPHLPAPI.DLL
0x00007ff8f6e70000 - 0x00007ff8f6e78000 	C:\WINDOWS\System32\NSI.dll
0x00007ff8f0df0000 - 0x00007ff8f0e06000 	C:\WINDOWS\SYSTEM32\dhcpcsvc6.DLL
0x00007ff8f0dd0000 - 0x00007ff8f0dea000 	C:\WINDOWS\SYSTEM32\dhcpcsvc.DLL
0x0000000060dc0000 - 0x0000000060dcd000 	C:\Java\jdk1.8.0_131\jre\bin\management.dll
0x00007ff8eece0000 - 0x00007ff8eee72000 	C:\WINDOWS\SYSTEM32\dbghelp.dll

VM Arguments:
jvm_args: -XX:MaxPermSize=256m -XX:+HeapDumpOnOutOfMemoryError -Xmx1024m -Dfile.encoding=UTF-8 -Duser.country=CN -Duser.language=zh -Duser.variant 
java_command: org.gradle.launcher.daemon.bootstrap.GradleDaemon 3.4.1
java_class_path (initial): C:\Users\LiXiaoping\.gradle\wrapper\dists\gradle-3.4.1-all\c3ib5obfnqr0no9szq6qc17do\gradle-3.4.1\lib\gradle-launcher-3.4.1.jar
Launcher Type: SUN_STANDARD

Environment Variables:
JAVA_HOME=C:\Java\jdk1.8.0_131
PATH=C:\ProgramData\Oracle\Java\javapath;C:\Windows\system32;C:\Windows;C:\Windows\System32\Wbem;C:\Windows\System32\WindowsPowerShell\v1.0\;C:\Program Files (x86)\NVIDIA Corporation\PhysX\Common;C:\Java\jdk1.8.0_131\bin;d:\griffon\lazybones-0.8.3\bin;d:\Gradle\gradle-3.3\bin;D:\grails\grails-3.2.6\bin;C:\Program Files\MongoDB\Server\3.2\bin\bin;C:\WINDOWS\system32;C:\WINDOWS;C:\WINDOWS\System32\Wbem;C:\WINDOWS\System32\WindowsPowerShell\v1.0\;C:\Program Files\Git\cmd;C:\Program Files\nodejs\;C:\Program Files\OpenVPN\bin;C:\Users\LiXiaoping\AppData\Local\Programs\Python\Python36\Scripts\;C:\Users\LiXiaoping\AppData\Local\Programs\Python\Python36\;C:\texlive\2016\bin\win32;C:\Users\LiXiaoping\AppData\Local\Microsoft\WindowsApps;C:\Program Files (x86)\Inno Setup 5;C:\Users\LiXiaoping\AppData\Roaming\npm
USERNAME=LiXiaoping
OS=Windows_NT
PROCESSOR_IDENTIFIER=Intel64 Family 6 Model 60 Stepping 3, GenuineIntel



---------------  S Y S T E M  ---------------

OS: Windows 10.0 , 64 bit Build 14393 (10.0.14393.1198)

CPU:total 8 (initial active 8) (4 cores per cpu, 2 threads per core) family 6 model 60 stepping 3, cmov, cx8, fxsr, mmx, sse, sse2, sse3, ssse3, sse4.1, sse4.2, popcnt, avx, avx2, aes, clmul, erms, lzcnt, ht, tsc, tscinvbit, bmi1, bmi2

Memory: 4k page, physical 33409088k(22227632k free), swap 38389824k(23734104k free)

vm_info: Java HotSpot(TM) 64-Bit Server VM (25.131-b11) for windows-amd64 JRE (1.8.0_131-b11), built on Mar 15 2017 01:23:53 by "java_re" with MS VC++ 10.0 (VS2010)

time: Mon Jul 17 14:55:32 2017
elapsed time: 12743 seconds (0d 3h 32m 23s)

